<?xml version="1.0" encoding="UTF-8"?>
<!-- Generated by org.testng.reporters.JUnitReportReporter -->
<testsuite hostname="BLR-13" failures="0" tests="1" name="Testcase.LoginApplication" time="55.277" errors="0" timestamp="1 Dec 2021 14:43:50 GMT">
  <testcase classname="Testcase.LoginApplication" name="Login" time="55.277"/>
</testsuite> <!-- Testcase.LoginApplication -->
